This is e-upTeX, Version 3.141592653-p4.1.1-u1.30-230214-2.6 (utf8.uptex) (TeX Live 2024) (preloaded format=uplatex 2024.5.4)  30 JUN 2024 02:17
entering extended mode
 restricted \write18 enabled.
 %&-line parsing enabled.
**na_report_template.tex
(./na_report_template.tex
pLaTeX2e <2023-02-14u04>+1, based on
LaTeX2e <2023-11-01> patch level 1
L3 programming layer <2024-04-11>
(/usr/local/texlive/2024/texmf-dist/tex/platex/jsclasses/jsarticle.cls
Document Class: jsarticle 2023/02/23 jsclasses (okumura, texjporg)
\jsc@mpt=\dimen156
\jsc@mmm=\dimen157
\jsc@smallskipamount=\skip48
LaTeX Info: Redefining \textmc on input line 511.
LaTeX Info: Redefining \textgt on input line 513.
\symmincho=\mathgroup4
LaTeX Font Info:    Overwriting symbol font `mincho' in version `bold'
(Font)                  JY2/mc/m/n --> JY2/gt/m/n on input line 575.
LaTeX Font Info:    Font shape `JT2/mc/m/n' will be
(Font)              scaled to size 9.24683pt on input line 769.
LaTeX Font Info:    Font shape `JY2/mc/m/n' will be
(Font)              scaled to size 9.24683pt on input line 769.
\fullwidth=\dimen158
LaTeX Font Info:    Font shape `JT2/mc/m/n' will be
(Font)              scaled to size 7.39746pt on input line 922.
LaTeX Font Info:    Font shape `JY2/mc/m/n' will be
(Font)              scaled to size 7.39746pt on input line 922.
\c@part=\count188
\c@section=\count189
\c@subsection=\count190
\c@subsubsection=\count191
\c@paragraph=\count192
\c@subparagraph=\count193
\@abstractbox=\box68
\c@figure=\count194
\c@table=\count195
\abovecaptionskip=\skip49
\belowcaptionskip=\skip50
\jsc@tocl@width=\dimen159
\@lnumwidth=\dimen160
\bibindent=\dimen161
(/usr/local/texlive/2024/texmf-dist/tex/platex/jsclasses/jslogo.sty
Package: jslogo 2019/07/25 okumura, texjporg
LaTeX Info: Redefining \TeX on input line 82.
LaTeX Info: Redefining \LaTeX on input line 135.
LaTeX Info: Redefining \LaTeXe on input line 188.
)
\heisei=\count196
)
(/usr/local/texlive/2024/texmf-dist/tex/latex/graphics/graphicx.sty
Package: graphicx 2021/09/16 v1.2d Enhanced LaTeX Graphics (DPC,SPQR)

(/usr/local/texlive/2024/texmf-dist/tex/latex/graphics/keyval.sty
Package: keyval 2022/05/29 v1.15 key=value parser (DPC)
\KV@toks@=\toks18
)
(/usr/local/texlive/2024/texmf-dist/tex/latex/graphics/graphics.sty
Package: graphics 2022/03/10 v1.4e Standard LaTeX Graphics (DPC,SPQR)

(/usr/local/texlive/2024/texmf-dist/tex/latex/graphics/trig.sty
Package: trig 2021/08/11 v1.11 sin cos tan (DPC)
)
(/usr/local/texlive/2024/texmf-dist/tex/latex/graphics-cfg/graphics.cfg
File: graphics.cfg 2016/06/04 v1.11 sample graphics configuration
)
Package graphics Info: Driver file: dvipdfmx.def on input line 107.

(/usr/local/texlive/2024/texmf-dist/tex/latex/graphics-def/dvipdfmx.def
File: dvipdfmx.def 2022/09/22 v5.0m Graphics/color driver for dvipdfmx
))
\Gin@req@height=\dimen162
\Gin@req@width=\dimen163
)
(/usr/local/texlive/2024/texmf-dist/tex/latex/lastpage/lastpage.sty
Package: lastpage 2024/04/27 v2.1a lastpage: 2.09 or 2e? (HMM)

(/usr/local/texlive/2024/texmf-dist/tex/latex/lastpage/lastpage2e.sty
Package: lastpage2e 2024/04/27 v2.1a Decide which 2e lastpage version to use (H
MM)

(/usr/local/texlive/2024/texmf-dist/tex/latex/lastpage/lastpagemodern.sty
Package: lastpagemodern 2024-04-27 v2.1a Refers to last page's name (HMM; JPG)
\c@lastpagecount=\count197
) 
)) (/usr/local/texlive/2024/texmf-dist/tex/latex/fancyhdr/fancyhdr.sty
Package: fancyhdr 2024/04/23 v4.2 Extensive control of page headers and footers

\f@nch@headwidth=\skip51
\f@nch@O@elh=\skip52
\f@nch@O@erh=\skip53
\f@nch@O@olh=\skip54
\f@nch@O@orh=\skip55
\f@nch@O@elf=\skip56
\f@nch@O@erf=\skip57
\f@nch@O@olf=\skip58
\f@nch@O@orf=\skip59
)
(/usr/local/texlive/2024/texmf-dist/tex/latex/listings/listings.sty
\lst@mode=\count198
\lst@gtempboxa=\box69
\lst@token=\toks19
\lst@length=\count199
\lst@currlwidth=\dimen164
\lst@column=\count266
\lst@pos=\count267
\lst@lostspace=\dimen165
\lst@width=\dimen166
\lst@newlines=\count268
\lst@lineno=\count269
\lst@maxwidth=\dimen167

(/usr/local/texlive/2024/texmf-dist/tex/latex/listings/lstpatch.sty
File: lstpatch.sty 2024/03/11 1.10a (Carsten Heinz)
)
(/usr/local/texlive/2024/texmf-dist/tex/latex/listings/lstmisc.sty
File: lstmisc.sty 2024/03/11 1.10a (Carsten Heinz)
\c@lstnumber=\count270
\lst@skipnumbers=\count271
\lst@framebox=\box70
)
(/usr/local/texlive/2024/texmf-dist/tex/latex/listings/listings.cfg
File: listings.cfg 2024/03/11 1.10a listings configuration
))
Package: listings 2024/03/11 1.10a (Carsten Heinz)

(./jlisting.sty
Package: jlisting 2006/02/20 0.2 (Thor)
\lst@nextchar=\count272
\lst@inputfile=\read2
)
(/usr/local/texlive/2024/texmf-dist/tex/latex/xcolor/xcolor.sty
Package: xcolor 2023/11/15 v3.01 LaTeX color extensions (UK)

(/usr/local/texlive/2024/texmf-dist/tex/latex/graphics-cfg/color.cfg
File: color.cfg 2016/01/02 v1.6 sample color configuration
)
Package xcolor Info: Driver file: dvipdfmx.def on input line 274.

(/usr/local/texlive/2024/texmf-dist/tex/latex/graphics/mathcolor.ltx)
Package xcolor Info: Model `cmy' substituted by `cmy0' on input line 1350.
Package xcolor Info: Model `RGB' extended on input line 1366.
Package xcolor Info: Model `HTML' substituted by `rgb' on input line 1368.
Package xcolor Info: Model `Hsb' substituted by `hsb' on input line 1369.
Package xcolor Info: Model `tHsb' substituted by `hsb' on input line 1370.
Package xcolor Info: Model `HSB' substituted by `hsb' on input line 1371.
Package xcolor Info: Model `Gray' substituted by `gray' on input line 1372.
Package xcolor Info: Model `wave' substituted by `hsb' on input line 1373.
)
(/usr/local/texlive/2024/texmf-dist/tex/latex/url/url.sty
\Urlmuskip=\muskip16
Package: url 2013/09/16  ver 3.4  Verb mode for urls, etc.
)
(/usr/local/texlive/2024/texmf-dist/tex/latex/amsmath/amsmath.sty
Package: amsmath 2023/05/13 v2.17o AMS math features
\@mathmargin=\skip60

For additional information on amsmath, use the `?' option.
(/usr/local/texlive/2024/texmf-dist/tex/latex/amsmath/amstext.sty
Package: amstext 2021/08/26 v2.01 AMS text

(/usr/local/texlive/2024/texmf-dist/tex/latex/amsmath/amsgen.sty
File: amsgen.sty 1999/11/30 v2.0 generic functions
\@emptytoks=\toks20
\ex@=\dimen168
))
(/usr/local/texlive/2024/texmf-dist/tex/latex/amsmath/amsbsy.sty
Package: amsbsy 1999/11/29 v1.2d Bold Symbols
\pmbraise@=\dimen169
)
(/usr/local/texlive/2024/texmf-dist/tex/latex/amsmath/amsopn.sty
Package: amsopn 2022/04/08 v2.04 operator names
)
\inf@bad=\count273
LaTeX Info: Redefining \frac on input line 234.
\uproot@=\count274
\leftroot@=\count275
LaTeX Info: Redefining \overline on input line 399.
LaTeX Info: Redefining \colon on input line 410.
\classnum@=\count276
\DOTSCASE@=\count277
LaTeX Info: Redefining \ldots on input line 496.
LaTeX Info: Redefining \dots on input line 499.
LaTeX Info: Redefining \cdots on input line 620.
\Mathstrutbox@=\box71
\strutbox@=\box72
LaTeX Info: Redefining \big on input line 722.
LaTeX Info: Redefining \Big on input line 723.
LaTeX Info: Redefining \bigg on input line 724.
LaTeX Info: Redefining \Bigg on input line 725.
\big@size=\dimen170
LaTeX Font Info:    Redeclaring font encoding OML on input line 743.
LaTeX Font Info:    Redeclaring font encoding OMS on input line 744.
\macc@depth=\count278
LaTeX Info: Redefining \bmod on input line 905.
LaTeX Info: Redefining \pmod on input line 910.
LaTeX Info: Redefining \smash on input line 940.
LaTeX Info: Redefining \relbar on input line 970.
LaTeX Info: Redefining \Relbar on input line 971.
\c@MaxMatrixCols=\count279
\dotsspace@=\muskip17
\c@parentequation=\count280
\dspbrk@lvl=\count281
\tag@help=\toks21
\row@=\count282
\column@=\count283
\maxfields@=\count284
\andhelp@=\toks22
\eqnshift@=\dimen171
\alignsep@=\dimen172
\tagshift@=\dimen173
\tagwidth@=\dimen174
\totwidth@=\dimen175
\lineht@=\dimen176
\@envbody=\toks23
\multlinegap=\skip61
\multlinetaggap=\skip62
\mathdisplay@stack=\toks24
LaTeX Info: Redefining \[ on input line 2953.
LaTeX Info: Redefining \] on input line 2954.
)
(/usr/local/texlive/2024/texmf-dist/tex/latex/l3backend/l3backend-dvipdfmx.def
File: l3backend-dvipdfmx.def 2024-04-11 L3 backend support: dvipdfmx
\g__graphics_track_int=\count285
\l__pdf_internal_box=\box73
\g__pdf_backend_annotation_int=\count286
\g__pdf_backend_link_int=\count287
) (./na_report_template.aux

LaTeX Warning: Label `code:in' multiply defined.


LaTeX Warning: Label `code:in' multiply defined.


LaTeX Warning: Label `code:in' multiply defined.


LaTeX Warning: Label `code:in' multiply defined.


LaTeX Warning: Label `code:in' multiply defined.


LaTeX Warning: Label `code:in' multiply defined.


LaTeX Warning: Label `code:in' multiply defined.


LaTeX Warning: Label `code:in' multiply defined.


LaTeX Warning: Label `code:in' multiply defined.


LaTeX Warning: Label `code:in' multiply defined.


LaTeX Warning: Label `code:in' multiply defined.


LaTeX Warning: Label `code:in' multiply defined.


LaTeX Warning: Label `code:in' multiply defined.


LaTeX Warning: Label `code:in' multiply defined.


LaTeX Warning: Label `code:in' multiply defined.


LaTeX Warning: Label `code:in' multiply defined.


LaTeX Warning: Label `code:in' multiply defined.

)
\openout1 = `na_report_template.aux'.

LaTeX Font Info:    Checking defaults for OML/cmm/m/it on input line 65.
LaTeX Font Info:    ... okay on input line 65.
LaTeX Font Info:    Checking defaults for OMS/cmsy/m/n on input line 65.
LaTeX Font Info:    ... okay on input line 65.
LaTeX Font Info:    Checking defaults for OT1/cmr/m/n on input line 65.
LaTeX Font Info:    ... okay on input line 65.
LaTeX Font Info:    Checking defaults for T1/cmr/m/n on input line 65.
LaTeX Font Info:    ... okay on input line 65.
LaTeX Font Info:    Checking defaults for TS1/cmr/m/n on input line 65.
LaTeX Font Info:    ... okay on input line 65.
LaTeX Font Info:    Checking defaults for OMX/cmex/m/n on input line 65.
LaTeX Font Info:    ... okay on input line 65.
LaTeX Font Info:    Checking defaults for U/cmr/m/n on input line 65.
LaTeX Font Info:    ... okay on input line 65.
LaTeX Font Info:    Checking defaults for JY2/mc/m/n on input line 65.
LaTeX Font Info:    ... okay on input line 65.
LaTeX Font Info:    Checking defaults for JT2/mc/m/n on input line 65.
LaTeX Font Info:    ... okay on input line 65.
\c@lstlisting=\count288
LaTeX Font Info:    Font shape `JT2/mc/m/n' will be
(Font)              scaled to size 13.31541pt on input line 66.
LaTeX Font Info:    Font shape `JY2/mc/m/n' will be
(Font)              scaled to size 13.31541pt on input line 66.
LaTeX Font Info:    Font shape `JT2/gt/m/n' will be
(Font)              scaled to size 13.31541pt on input line 66.
LaTeX Font Info:    Font shape `JY2/gt/m/n' will be
(Font)              scaled to size 13.31541pt on input line 66.
LaTeX Font Info:    Font shape `JT2/mc/m/n' will be
(Font)              scaled to size 11.09619pt on input line 67.
LaTeX Font Info:    Font shape `JY2/mc/m/n' will be
(Font)              scaled to size 11.09619pt on input line 67.
LaTeX Font Info:    Font shape `JT2/gt/m/n' will be
(Font)              scaled to size 11.09619pt on input line 67.
LaTeX Font Info:    Font shape `JY2/gt/m/n' will be
(Font)              scaled to size 11.09619pt on input line 67.
LaTeX Font Info:    Font shape `JT2/gt/m/n' will be
(Font)              scaled to size 9.24683pt on input line 68.
LaTeX Font Info:    Font shape `JY2/gt/m/n' will be
(Font)              scaled to size 9.24683pt on input line 68.
LaTeX Font Info:    Font shape `JT2/mc/m/n' will be
(Font)              scaled to size 8.32214pt on input line 74.
LaTeX Font Info:    Font shape `JY2/mc/m/n' will be
(Font)              scaled to size 8.32214pt on input line 74.


Package fancyhdr Warning: \headheight is too small (20.0pt): 
(fancyhdr)                Make it at least 28.93726pt, for example:
(fancyhdr)                \setlength{\headheight}{28.93726pt}.
(fancyhdr)                You might also make \topmargin smaller to compensate:

(fancyhdr)                \addtolength{\topmargin}{-8.93726pt}.

[1

]
LaTeX Font Info:    Font shape `JY2/mc/m/n' will be
(Font)              scaled to size 6.47278pt on input line 126.
LaTeX Font Info:    Font shape `JY2/mc/m/n' will be
(Font)              scaled to size 4.62341pt on input line 126.


Package fancyhdr Warning: \headheight is too small (20.0pt): 
(fancyhdr)                Make it at least 28.93726pt, for example:
(fancyhdr)                \setlength{\headheight}{28.93726pt}.
(fancyhdr)                You might also make \topmargin smaller to compensate:

(fancyhdr)                \addtolength{\topmargin}{-8.93726pt}.

[2]

Package fancyhdr Warning: \headheight is too small (20.0pt): 
(fancyhdr)                Make it at least 28.93726pt, for example:
(fancyhdr)                \setlength{\headheight}{28.93726pt}.
(fancyhdr)                You might also make \topmargin smaller to compensate:

(fancyhdr)                \addtolength{\topmargin}{-8.93726pt}.

[3]
LaTeX Font Info:    Trying to load font information for TS1+cmtt on input line 
197.
 (/usr/local/texlive/2024/texmf-dist/tex/latex/base/ts1cmtt.fd
File: ts1cmtt.fd 2023/04/13 v2.5m Standard LaTeX font definitions
)
(/usr/local/texlive/2024/texmf-dist/tex/latex/listings/lstlang1.sty
File: lstlang1.sty 2024/03/11 1.10a listings language file
)

Package fancyhdr Warning: \headheight is too small (20.0pt): 
(fancyhdr)                Make it at least 28.93726pt, for example:
(fancyhdr)                \setlength{\headheight}{28.93726pt}.
(fancyhdr)                You might also make \topmargin smaller to compensate:

(fancyhdr)                \addtolength{\topmargin}{-8.93726pt}.

[4]

Package fancyhdr Warning: \headheight is too small (20.0pt): 
(fancyhdr)                Make it at least 28.93726pt, for example:
(fancyhdr)                \setlength{\headheight}{28.93726pt}.
(fancyhdr)                You might also make \topmargin smaller to compensate:

(fancyhdr)                \addtolength{\topmargin}{-8.93726pt}.

[5]

Package fancyhdr Warning: \headheight is too small (20.0pt): 
(fancyhdr)                Make it at least 28.93726pt, for example:
(fancyhdr)                \setlength{\headheight}{28.93726pt}.
(fancyhdr)                You might also make \topmargin smaller to compensate:

(fancyhdr)                \addtolength{\topmargin}{-8.93726pt}.

[6]

Package fancyhdr Warning: \headheight is too small (20.0pt): 
(fancyhdr)                Make it at least 28.93726pt, for example:
(fancyhdr)                \setlength{\headheight}{28.93726pt}.
(fancyhdr)                You might also make \topmargin smaller to compensate:

(fancyhdr)                \addtolength{\topmargin}{-8.93726pt}.

[7]
LaTeX Font Info:    Font shape `JY2/gt/m/n' will be
(Font)              scaled to size 6.47278pt on input line 350.
LaTeX Font Info:    Font shape `JY2/gt/m/n' will be
(Font)              scaled to size 4.62341pt on input line 350.

Overfull \hbox (13.83519pt too wide) in alignment at lines 349--376
 [][][] []
 []


Package fancyhdr Warning: \headheight is too small (20.0pt): 
(fancyhdr)                Make it at least 28.93726pt, for example:
(fancyhdr)                \setlength{\headheight}{28.93726pt}.
(fancyhdr)                You might also make \topmargin smaller to compensate:

(fancyhdr)                \addtolength{\topmargin}{-8.93726pt}.

[8]

Package fancyhdr Warning: \headheight is too small (20.0pt): 
(fancyhdr)                Make it at least 28.93726pt, for example:
(fancyhdr)                \setlength{\headheight}{28.93726pt}.
(fancyhdr)                You might also make \topmargin smaller to compensate:

(fancyhdr)                \addtolength{\topmargin}{-8.93726pt}.

[9]

Package fancyhdr Warning: \headheight is too small (20.0pt): 
(fancyhdr)                Make it at least 28.93726pt, for example:
(fancyhdr)                \setlength{\headheight}{28.93726pt}.
(fancyhdr)                You might also make \topmargin smaller to compensate:

(fancyhdr)                \addtolength{\topmargin}{-8.93726pt}.

[10]

Package fancyhdr Warning: \headheight is too small (20.0pt): 
(fancyhdr)                Make it at least 28.93726pt, for example:
(fancyhdr)                \setlength{\headheight}{28.93726pt}.
(fancyhdr)                You might also make \topmargin smaller to compensate:

(fancyhdr)                \addtolength{\topmargin}{-8.93726pt}.

[11]

Package fancyhdr Warning: \headheight is too small (20.0pt): 
(fancyhdr)                Make it at least 28.93726pt, for example:
(fancyhdr)                \setlength{\headheight}{28.93726pt}.
(fancyhdr)                You might also make \topmargin smaller to compensate:

(fancyhdr)                \addtolength{\topmargin}{-8.93726pt}.

[12]

Package fancyhdr Warning: \headheight is too small (20.0pt): 
(fancyhdr)                Make it at least 28.93726pt, for example:
(fancyhdr)                \setlength{\headheight}{28.93726pt}.
(fancyhdr)                You might also make \topmargin smaller to compensate:

(fancyhdr)                \addtolength{\topmargin}{-8.93726pt}.

[13]

Package fancyhdr Warning: \headheight is too small (20.0pt): 
(fancyhdr)                Make it at least 28.93726pt, for example:
(fancyhdr)                \setlength{\headheight}{28.93726pt}.
(fancyhdr)                You might also make \topmargin smaller to compensate:

(fancyhdr)                \addtolength{\topmargin}{-8.93726pt}.

[14]

Package fancyhdr Warning: \headheight is too small (20.0pt): 
(fancyhdr)                Make it at least 28.93726pt, for example:
(fancyhdr)                \setlength{\headheight}{28.93726pt}.
(fancyhdr)                You might also make \topmargin smaller to compensate:

(fancyhdr)                \addtolength{\topmargin}{-8.93726pt}.

[15]

Package fancyhdr Warning: \headheight is too small (20.0pt): 
(fancyhdr)                Make it at least 28.93726pt, for example:
(fancyhdr)                \setlength{\headheight}{28.93726pt}.
(fancyhdr)                You might also make \topmargin smaller to compensate:

(fancyhdr)                \addtolength{\topmargin}{-8.93726pt}.

[16]
File: newton.png Graphic file (type bmp)
<newton.png>


LaTeX Warning: `h' float specifier changed to `ht'.

File: newton_error.png Graphic file (type bmp)
<newton_error.png>

LaTeX Warning: `h' float specifier changed to `ht'.


Package fancyhdr Warning: \headheight is too small (20.0pt): 
(fancyhdr)                Make it at least 28.93726pt, for example:
(fancyhdr)                \setlength{\headheight}{28.93726pt}.
(fancyhdr)                You might also make \topmargin smaller to compensate:

(fancyhdr)                \addtolength{\topmargin}{-8.93726pt}.

[17]

Package fancyhdr Warning: \headheight is too small (20.0pt): 
(fancyhdr)                Make it at least 28.93726pt, for example:
(fancyhdr)                \setlength{\headheight}{28.93726pt}.
(fancyhdr)                You might also make \topmargin smaller to compensate:

(fancyhdr)                \addtolength{\topmargin}{-8.93726pt}.

[18]

Package fancyhdr Warning: \headheight is too small (20.0pt): 
(fancyhdr)                Make it at least 28.93726pt, for example:
(fancyhdr)                \setlength{\headheight}{28.93726pt}.
(fancyhdr)                You might also make \topmargin smaller to compensate:

(fancyhdr)                \addtolength{\topmargin}{-8.93726pt}.

[19]

Package fancyhdr Warning: \headheight is too small (20.0pt): 
(fancyhdr)                Make it at least 28.93726pt, for example:
(fancyhdr)                \setlength{\headheight}{28.93726pt}.
(fancyhdr)                You might also make \topmargin smaller to compensate:

(fancyhdr)                \addtolength{\topmargin}{-8.93726pt}.

[20]

Package fancyhdr Warning: \headheight is too small (20.0pt): 
(fancyhdr)                Make it at least 28.93726pt, for example:
(fancyhdr)                \setlength{\headheight}{28.93726pt}.
(fancyhdr)                You might also make \topmargin smaller to compensate:

(fancyhdr)                \addtolength{\topmargin}{-8.93726pt}.

[21]

Package fancyhdr Warning: \headheight is too small (20.0pt): 
(fancyhdr)                Make it at least 28.93726pt, for example:
(fancyhdr)                \setlength{\headheight}{28.93726pt}.
(fancyhdr)                You might also make \topmargin smaller to compensate:

(fancyhdr)                \addtolength{\topmargin}{-8.93726pt}.

[22]

Package fancyhdr Warning: \headheight is too small (20.0pt): 
(fancyhdr)                Make it at least 28.93726pt, for example:
(fancyhdr)                \setlength{\headheight}{28.93726pt}.
(fancyhdr)                You might also make \topmargin smaller to compensate:

(fancyhdr)                \addtolength{\topmargin}{-8.93726pt}.

[23]

Package fancyhdr Warning: \headheight is too small (20.0pt): 
(fancyhdr)                Make it at least 28.93726pt, for example:
(fancyhdr)                \setlength{\headheight}{28.93726pt}.
(fancyhdr)                You might also make \topmargin smaller to compensate:

(fancyhdr)                \addtolength{\topmargin}{-8.93726pt}.

[24]

Package fancyhdr Warning: \headheight is too small (20.0pt): 
(fancyhdr)                Make it at least 28.93726pt, for example:
(fancyhdr)                \setlength{\headheight}{28.93726pt}.
(fancyhdr)                You might also make \topmargin smaller to compensate:

(fancyhdr)                \addtolength{\topmargin}{-8.93726pt}.

[25]

Package fancyhdr Warning: \headheight is too small (20.0pt): 
(fancyhdr)                Make it at least 28.93726pt, for example:
(fancyhdr)                \setlength{\headheight}{28.93726pt}.
(fancyhdr)                You might also make \topmargin smaller to compensate:

(fancyhdr)                \addtolength{\topmargin}{-8.93726pt}.

[26]
File: newton_method_advaned.png Graphic file (type bmp)
<newton_method_advaned.png>


Package fancyhdr Warning: \headheight is too small (20.0pt): 
(fancyhdr)                Make it at least 28.93726pt, for example:
(fancyhdr)                \setlength{\headheight}{28.93726pt}.
(fancyhdr)                You might also make \topmargin smaller to compensate:

(fancyhdr)                \addtolength{\topmargin}{-8.93726pt}.

[27]

Package fancyhdr Warning: \headheight is too small (20.0pt): 
(fancyhdr)                Make it at least 28.93726pt, for example:
(fancyhdr)                \setlength{\headheight}{28.93726pt}.
(fancyhdr)                You might also make \topmargin smaller to compensate:

(fancyhdr)                \addtolength{\topmargin}{-8.93726pt}.

[28]

Package fancyhdr Warning: \headheight is too small (20.0pt): 
(fancyhdr)                Make it at least 28.93726pt, for example:
(fancyhdr)                \setlength{\headheight}{28.93726pt}.
(fancyhdr)                You might also make \topmargin smaller to compensate:

(fancyhdr)                \addtolength{\topmargin}{-8.93726pt}.

[29]

Package fancyhdr Warning: \headheight is too small (20.0pt): 
(fancyhdr)                Make it at least 28.93726pt, for example:
(fancyhdr)                \setlength{\headheight}{28.93726pt}.
(fancyhdr)                You might also make \topmargin smaller to compensate:

(fancyhdr)                \addtolength{\topmargin}{-8.93726pt}.

[30]

Package fancyhdr Warning: \headheight is too small (20.0pt): 
(fancyhdr)                Make it at least 28.93726pt, for example:
(fancyhdr)                \setlength{\headheight}{28.93726pt}.
(fancyhdr)                You might also make \topmargin smaller to compensate:

(fancyhdr)                \addtolength{\topmargin}{-8.93726pt}.

[31]

Package fancyhdr Warning: \headheight is too small (20.0pt): 
(fancyhdr)                Make it at least 28.93726pt, for example:
(fancyhdr)                \setlength{\headheight}{28.93726pt}.
(fancyhdr)                You might also make \topmargin smaller to compensate:

(fancyhdr)                \addtolength{\topmargin}{-8.93726pt}.

[32] 
enddocument/afterlastpage: lastpage setting LastPage.
(./na_report_template.aux)
 ***********
pLaTeX2e <2023-02-14u04>+1, based on
LaTeX2e <2023-11-01> patch level 1
L3 programming layer <2024-04-11>
 ***********


LaTeX Warning: There were multiply-defined labels.

 ) 
Here is how much of TeX's memory you used:
 4672 strings out of 474708
 67193 string characters out of 5757384
 2171596 words of memory out of 5000000
 27072 multiletter control sequences out of 15000+600000
 569507 words of font info for 94 fonts, out of 8000000 for 9000
 934 hyphenation exceptions out of 8191
 70i,12n,65p,473b,1874s stack positions out of 10000i,1000n,20000p,200000b,200000s

Output written on na_report_template.dvi (32 pages, 235916 bytes).
